2025-04-18 01:39:30 [http-nio-8080-exec-2] INFO  allLogs - Method called: UserController.login(..)
2025-04-18 01:39:30 [http-nio-8080-exec-2] INFO  allLogs - Method called: UserService.verify(..)
2025-04-18 01:39:30 [http-nio-8080-exec-2] INFO  allLogs - Method called: UserRepo.findByUsername(..)
2025-04-18 01:39:35 [http-nio-8080-exec-5] INFO  allLogs - Method called: UserRepo.findByUsername(..)
2025-04-18 01:39:36 [http-nio-8080-exec-5] INFO  allLogs - Method called: QuizzController.createQuizz(..)
2025-04-18 01:39:36 [http-nio-8080-exec-5] INFO  allLogs - Method called: QuizService.createQuiz(..)
2025-04-18 01:39:36 [http-nio-8080-exec-5] INFO  allLogs - Method called: QuestionDao.findRandomQuestionsbByCategory(..)
2025-04-18 01:39:36 [http-nio-8080-exec-7] INFO  allLogs - Method called: UserRepo.findByUsername(..)
2025-04-18 01:39:36 [http-nio-8080-exec-7] INFO  allLogs - Method called: QuizzController.getQuizQuestion(..)
2025-04-18 01:39:36 [http-nio-8080-exec-7] INFO  allLogs - Method called: QuizService.getQuizQuestion(..)
2025-04-18 01:39:54 [http-nio-8080-exec-10] INFO  allLogs - Method called: UserRepo.findByUsername(..)
2025-04-18 01:39:54 [http-nio-8080-exec-10] INFO  allLogs - Method called: QuizzController.submitQuiz(..)
2025-04-18 01:39:54 [http-nio-8080-exec-10] INFO  allLogs - Method called: QuizService.calculateResult(..)
2025-04-18 01:39:54 [http-nio-8080-exec-2] INFO  allLogs - Method called: UserRepo.findByUsername(..)
2025-04-18 01:39:54 [http-nio-8080-exec-2] INFO  allLogs - Method called: LeaderBoardController.submitScore(..)
2025-04-18 01:39:54 [http-nio-8080-exec-2] INFO  allLogs - Method called: LeaderBoardService.submitScore(..)
2025-04-18 01:41:07 [http-nio-8080-exec-6] INFO  allLogs - Method called: UserRepo.findByUsername(..)
2025-04-18 01:41:07 [http-nio-8080-exec-6] INFO  allLogs - Method called: LeaderBoardController.getLeaderBoard()
2025-04-18 01:41:07 [http-nio-8080-exec-6] INFO  allLogs - Method called: LeaderBoardService.getData()
2025-04-18 01:41:07 [http-nio-8080-exec-7] INFO  allLogs - Method called: UserRepo.findByUsername(..)
2025-04-18 01:41:07 [http-nio-8080-exec-7] INFO  allLogs - Method called: LeaderBoardController.getLeaderBoard()
2025-04-18 01:41:07 [http-nio-8080-exec-7] INFO  allLogs - Method called: LeaderBoardService.getData()
2025-04-18 01:41:15 [http-nio-8080-exec-2] INFO  allLogs - Method called: UserRepo.findByUsername(..)
2025-04-18 01:41:15 [http-nio-8080-exec-2] INFO  allLogs - Method called: LeaderBoardController.getLeaderBoard()
2025-04-18 01:41:15 [http-nio-8080-exec-2] INFO  allLogs - Method called: LeaderBoardService.getData()
2025-04-18 01:41:15 [http-nio-8080-exec-3] INFO  allLogs - Method called: UserRepo.findByUsername(..)
2025-04-18 01:41:15 [http-nio-8080-exec-3] INFO  allLogs - Method called: LeaderBoardController.getLeaderBoard()
2025-04-18 01:41:15 [http-nio-8080-exec-3] INFO  allLogs - Method called: LeaderBoardService.getData()
2025-04-18 01:41:22 [http-nio-8080-exec-6] INFO  allLogs - Method called: UserRepo.findByUsername(..)
2025-04-18 01:41:22 [http-nio-8080-exec-6] INFO  allLogs - Method called: LeaderBoardController.getLeaderBoard()
2025-04-18 01:41:22 [http-nio-8080-exec-6] INFO  allLogs - Method called: LeaderBoardService.getData()
2025-04-18 01:41:22 [http-nio-8080-exec-7] INFO  allLogs - Method called: UserRepo.findByUsername(..)
2025-04-18 01:41:22 [http-nio-8080-exec-7] INFO  allLogs - Method called: LeaderBoardController.getLeaderBoard()
2025-04-18 01:41:22 [http-nio-8080-exec-7] INFO  allLogs - Method called: LeaderBoardService.getData()
