2025-04-04 01:19:36 [http-nio-8080-exec-4] INFO  allLogs - Method called: UserController.login(..)
2025-04-04 01:19:36 [http-nio-8080-exec-4] INFO  allLogs - Method called: UserService.verify(..)
2025-04-04 01:19:36 [http-nio-8080-exec-4] INFO  allLogs - Method called: UserRepo.findByUsername(..)
2025-04-04 01:20:09 [http-nio-8080-exec-8] INFO  allLogs - Method called: UserRepo.findByUsername(..)
2025-04-04 01:20:09 [http-nio-8080-exec-8] INFO  allLogs - Method called: LeaderBoardController.getLeaderBoard()
2025-04-04 01:20:09 [http-nio-8080-exec-8] INFO  allLogs - Method called: LeaderBoardService.getData()
2025-04-04 01:20:09 [http-nio-8080-exec-9] INFO  allLogs - Method called: UserRepo.findByUsername(..)
2025-04-04 01:20:09 [http-nio-8080-exec-9] INFO  allLogs - Method called: LeaderBoardController.getLeaderBoard()
2025-04-04 01:20:09 [http-nio-8080-exec-9] INFO  allLogs - Method called: LeaderBoardService.getData()
2025-04-04 01:22:30 [http-nio-8080-exec-2] INFO  allLogs - Method called: UserController.login(..)
2025-04-04 01:22:30 [http-nio-8080-exec-2] INFO  allLogs - Method called: UserService.verify(..)
2025-04-04 01:22:31 [http-nio-8080-exec-2] INFO  allLogs - Method called: UserRepo.findByUsername(..)
2025-04-04 01:23:05 [http-nio-8080-exec-5] INFO  allLogs - Method called: UserRepo.findByUsername(..)
2025-04-04 01:23:05 [http-nio-8080-exec-5] INFO  allLogs - Method called: LeaderBoardController.getLeaderBoard()
2025-04-04 01:23:05 [http-nio-8080-exec-5] INFO  allLogs - Method called: LeaderBoardService.getData()
2025-04-04 01:23:05 [http-nio-8080-exec-6] INFO  allLogs - Method called: UserRepo.findByUsername(..)
2025-04-04 01:23:05 [http-nio-8080-exec-6] INFO  allLogs - Method called: LeaderBoardController.getLeaderBoard()
2025-04-04 01:23:05 [http-nio-8080-exec-6] INFO  allLogs - Method called: LeaderBoardService.getData()
2025-04-04 01:24:54 [http-nio-8080-exec-1] INFO  allLogs - Method called: UserRepo.findByUsername(..)
2025-04-04 01:24:54 [http-nio-8080-exec-1] INFO  allLogs - Method called: LeaderBoardController.getLeaderBoard()
2025-04-04 01:24:54 [http-nio-8080-exec-1] INFO  allLogs - Method called: LeaderBoardService.getData()
2025-04-04 01:24:54 [http-nio-8080-exec-2] INFO  allLogs - Method called: UserRepo.findByUsername(..)
2025-04-04 01:24:54 [http-nio-8080-exec-2] INFO  allLogs - Method called: LeaderBoardController.getLeaderBoard()
2025-04-04 01:24:54 [http-nio-8080-exec-2] INFO  allLogs - Method called: LeaderBoardService.getData()
2025-04-04 01:25:39 [http-nio-8080-exec-4] INFO  allLogs - Method called: UserRepo.findByUsername(..)
2025-04-04 01:25:39 [http-nio-8080-exec-4] INFO  allLogs - Method called: LeaderBoardController.getLeaderBoard()
2025-04-04 01:25:39 [http-nio-8080-exec-4] INFO  allLogs - Method called: LeaderBoardService.getData()
2025-04-04 01:25:42 [http-nio-8080-exec-5] INFO  allLogs - Method called: UserRepo.findByUsername(..)
2025-04-04 01:25:42 [http-nio-8080-exec-5] INFO  allLogs - Method called: LeaderBoardController.getLeaderBoard()
2025-04-04 01:25:42 [http-nio-8080-exec-5] INFO  allLogs - Method called: LeaderBoardService.getData()
2025-04-04 01:27:41 [http-nio-8080-exec-9] INFO  allLogs - Method called: UserRepo.findByUsername(..)
2025-04-04 01:27:41 [http-nio-8080-exec-9] INFO  allLogs - Method called: LeaderBoardController.getLeaderBoard()
2025-04-04 01:27:41 [http-nio-8080-exec-9] INFO  allLogs - Method called: LeaderBoardService.getData()
2025-04-04 01:27:42 [http-nio-8080-exec-10] INFO  allLogs - Method called: UserRepo.findByUsername(..)
2025-04-04 01:27:42 [http-nio-8080-exec-10] INFO  allLogs - Method called: LeaderBoardController.getLeaderBoard()
2025-04-04 01:27:42 [http-nio-8080-exec-10] INFO  allLogs - Method called: LeaderBoardService.getData()
2025-04-04 01:28:05 [http-nio-8080-exec-2] INFO  allLogs - Method called: UserRepo.findByUsername(..)
2025-04-04 01:28:05 [http-nio-8080-exec-2] INFO  allLogs - Method called: LeaderBoardController.getLeaderBoard()
2025-04-04 01:28:05 [http-nio-8080-exec-2] INFO  allLogs - Method called: LeaderBoardService.getData()
2025-04-04 01:28:07 [http-nio-8080-exec-3] INFO  allLogs - Method called: UserRepo.findByUsername(..)
2025-04-04 01:28:07 [http-nio-8080-exec-3] INFO  allLogs - Method called: LeaderBoardController.getLeaderBoard()
2025-04-04 01:28:07 [http-nio-8080-exec-3] INFO  allLogs - Method called: LeaderBoardService.getData()
2025-04-04 01:28:46 [http-nio-8080-exec-6] INFO  allLogs - Method called: UserRepo.findByUsername(..)
2025-04-04 01:28:46 [http-nio-8080-exec-6] INFO  allLogs - Method called: LeaderBoardController.getLeaderBoard()
2025-04-04 01:28:46 [http-nio-8080-exec-6] INFO  allLogs - Method called: LeaderBoardService.getData()
2025-04-04 01:28:46 [http-nio-8080-exec-7] INFO  allLogs - Method called: UserRepo.findByUsername(..)
2025-04-04 01:28:46 [http-nio-8080-exec-7] INFO  allLogs - Method called: LeaderBoardController.getLeaderBoard()
2025-04-04 01:28:46 [http-nio-8080-exec-7] INFO  allLogs - Method called: LeaderBoardService.getData()
2025-04-04 01:32:23 [http-nio-8080-exec-2] INFO  allLogs - Method called: UserRepo.findByUsername(..)
2025-04-04 01:32:23 [http-nio-8080-exec-2] INFO  allLogs - Method called: LeaderBoardController.getLeaderBoard()
2025-04-04 01:32:23 [http-nio-8080-exec-2] INFO  allLogs - Method called: LeaderBoardService.getData()
2025-04-04 01:32:23 [http-nio-8080-exec-3] INFO  allLogs - Method called: UserRepo.findByUsername(..)
2025-04-04 01:32:23 [http-nio-8080-exec-3] INFO  allLogs - Method called: LeaderBoardController.getLeaderBoard()
2025-04-04 01:32:23 [http-nio-8080-exec-3] INFO  allLogs - Method called: LeaderBoardService.getData()
2025-04-04 01:32:25 [http-nio-8080-exec-4] INFO  allLogs - Method called: UserRepo.findByUsername(..)
2025-04-04 01:32:25 [http-nio-8080-exec-4] INFO  allLogs - Method called: LeaderBoardController.getLeaderBoard()
2025-04-04 01:32:25 [http-nio-8080-exec-4] INFO  allLogs - Method called: LeaderBoardService.getData()
2025-04-04 01:32:25 [http-nio-8080-exec-5] INFO  allLogs - Method called: UserRepo.findByUsername(..)
2025-04-04 01:32:25 [http-nio-8080-exec-5] INFO  allLogs - Method called: LeaderBoardController.getLeaderBoard()
2025-04-04 01:32:25 [http-nio-8080-exec-5] INFO  allLogs - Method called: LeaderBoardService.getData()
2025-04-04 01:32:29 [http-nio-8080-exec-9] INFO  allLogs - Method called: UserRepo.findByUsername(..)
2025-04-04 01:32:29 [http-nio-8080-exec-9] INFO  allLogs - Method called: LeaderBoardController.getLeaderBoard()
2025-04-04 01:32:29 [http-nio-8080-exec-9] INFO  allLogs - Method called: LeaderBoardService.getData()
2025-04-04 01:32:29 [http-nio-8080-exec-8] INFO  allLogs - Method called: UserRepo.findByUsername(..)
2025-04-04 01:32:29 [http-nio-8080-exec-8] INFO  allLogs - Method called: LeaderBoardController.getLeaderBoard()
2025-04-04 01:32:29 [http-nio-8080-exec-8] INFO  allLogs - Method called: LeaderBoardService.getData()
2025-04-04 01:32:33 [http-nio-8080-exec-10] INFO  allLogs - Method called: UserRepo.findByUsername(..)
2025-04-04 01:32:33 [http-nio-8080-exec-10] INFO  allLogs - Method called: LeaderBoardController.getLeaderBoard()
2025-04-04 01:32:33 [http-nio-8080-exec-10] INFO  allLogs - Method called: LeaderBoardService.getData()
2025-04-04 01:32:33 [http-nio-8080-exec-1] INFO  allLogs - Method called: UserRepo.findByUsername(..)
2025-04-04 01:32:33 [http-nio-8080-exec-1] INFO  allLogs - Method called: LeaderBoardController.getLeaderBoard()
2025-04-04 01:32:33 [http-nio-8080-exec-1] INFO  allLogs - Method called: LeaderBoardService.getData()
2025-04-04 01:32:37 [http-nio-8080-exec-4] INFO  allLogs - Method called: UserRepo.findByUsername(..)
2025-04-04 01:32:37 [http-nio-8080-exec-4] INFO  allLogs - Method called: LeaderBoardController.getLeaderBoard()
2025-04-04 01:32:37 [http-nio-8080-exec-4] INFO  allLogs - Method called: LeaderBoardService.getData()
2025-04-04 01:32:37 [http-nio-8080-exec-5] INFO  allLogs - Method called: UserRepo.findByUsername(..)
2025-04-04 01:32:37 [http-nio-8080-exec-5] INFO  allLogs - Method called: LeaderBoardController.getLeaderBoard()
2025-04-04 01:32:37 [http-nio-8080-exec-5] INFO  allLogs - Method called: LeaderBoardService.getData()
