2025-04-19 01:09:49 [http-nio-8080-exec-1] INFO  allLogs - Method called: UserController.login(..)
2025-04-19 01:09:49 [http-nio-8080-exec-1] INFO  allLogs - Method called: UserService.verify(..)
2025-04-19 01:09:49 [http-nio-8080-exec-1] INFO  allLogs - Method called: UserRepo.findByUsername(..)
2025-04-19 01:09:58 [http-nio-8080-exec-5] INFO  allLogs - Method called: UserRepo.findByUsername(..)
2025-04-19 01:09:58 [http-nio-8080-exec-5] INFO  allLogs - Method called: LeaderBoardController.getLeaderBoard()
2025-04-19 01:09:58 [http-nio-8080-exec-5] INFO  allLogs - Method called: LeaderBoardService.getData()
2025-04-19 01:09:58 [http-nio-8080-exec-6] INFO  allLogs - Method called: UserRepo.findByUsername(..)
2025-04-19 01:09:58 [http-nio-8080-exec-6] INFO  allLogs - Method called: LeaderBoardController.getLeaderBoard()
2025-04-19 01:09:58 [http-nio-8080-exec-6] INFO  allLogs - Method called: LeaderBoardService.getData()
2025-04-19 01:45:18 [http-nio-8080-exec-10] INFO  allLogs - Method called: UserRepo.findByUsername(..)
2025-04-19 01:45:18 [http-nio-8080-exec-10] INFO  allLogs - Method called: QuizzController.createQuizz(..)
2025-04-19 01:45:18 [http-nio-8080-exec-10] INFO  allLogs - Method called: QuizService.createQuiz(..)
2025-04-19 01:45:18 [http-nio-8080-exec-10] INFO  allLogs - Method called: QuestionDao.findRandomQuestionsbByCategory(..)
2025-04-19 01:45:18 [http-nio-8080-exec-1] INFO  allLogs - Method called: UserRepo.findByUsername(..)
2025-04-19 01:45:18 [http-nio-8080-exec-1] INFO  allLogs - Method called: QuizzController.getQuizQuestion(..)
2025-04-19 01:45:18 [http-nio-8080-exec-1] INFO  allLogs - Method called: QuizService.getQuizQuestion(..)
2025-04-19 01:56:13 [http-nio-8080-exec-5] INFO  allLogs - Method called: UserRepo.findByUsername(..)
2025-04-19 01:56:13 [http-nio-8080-exec-5] INFO  allLogs - Method called: QuizzController.createQuizz(..)
2025-04-19 01:56:13 [http-nio-8080-exec-5] INFO  allLogs - Method called: QuizService.createQuiz(..)
2025-04-19 01:56:13 [http-nio-8080-exec-5] INFO  allLogs - Method called: QuestionDao.findRandomQuestionsbByCategory(..)
2025-04-19 01:56:13 [http-nio-8080-exec-8] INFO  allLogs - Method called: UserRepo.findByUsername(..)
2025-04-19 01:56:13 [http-nio-8080-exec-8] INFO  allLogs - Method called: QuizzController.getQuizQuestion(..)
2025-04-19 01:56:13 [http-nio-8080-exec-8] INFO  allLogs - Method called: QuizService.getQuizQuestion(..)
2025-04-19 02:02:58 [http-nio-8080-exec-10] INFO  allLogs - Method called: UserController.login(..)
2025-04-19 02:02:58 [http-nio-8080-exec-10] INFO  allLogs - Method called: UserService.verify(..)
2025-04-19 02:02:58 [http-nio-8080-exec-10] INFO  allLogs - Method called: UserRepo.findByUsername(..)
2025-04-19 02:03:08 [http-nio-8080-exec-1] INFO  allLogs - Method called: UserRepo.findByUsername(..)
2025-04-19 02:03:08 [http-nio-8080-exec-1] INFO  allLogs - Method called: QuizzController.createQuizz(..)
2025-04-19 02:03:08 [http-nio-8080-exec-1] INFO  allLogs - Method called: QuizService.createQuiz(..)
2025-04-19 02:03:08 [http-nio-8080-exec-1] INFO  allLogs - Method called: QuestionDao.findRandomQuestionsbByCategory(..)
2025-04-19 02:03:08 [http-nio-8080-exec-3] INFO  allLogs - Method called: UserRepo.findByUsername(..)
2025-04-19 02:03:08 [http-nio-8080-exec-3] INFO  allLogs - Method called: QuizzController.getQuizQuestion(..)
2025-04-19 02:03:08 [http-nio-8080-exec-3] INFO  allLogs - Method called: QuizService.getQuizQuestion(..)
2025-04-19 02:10:47 [http-nio-8080-exec-7] INFO  allLogs - Method called: UserRepo.findByUsername(..)
2025-04-19 02:10:47 [http-nio-8080-exec-7] INFO  allLogs - Method called: LeaderBoardController.getLeaderBoard()
2025-04-19 02:10:47 [http-nio-8080-exec-7] INFO  allLogs - Method called: LeaderBoardService.getData()
2025-04-19 02:10:47 [http-nio-8080-exec-9] INFO  allLogs - Method called: UserRepo.findByUsername(..)
2025-04-19 02:10:47 [http-nio-8080-exec-9] INFO  allLogs - Method called: LeaderBoardController.getLeaderBoard()
2025-04-19 02:10:47 [http-nio-8080-exec-9] INFO  allLogs - Method called: LeaderBoardService.getData()
2025-04-19 02:10:52 [http-nio-8080-exec-3] INFO  allLogs - Method called: UserRepo.findByUsername(..)
2025-04-19 02:10:52 [http-nio-8080-exec-3] INFO  allLogs - Method called: LeaderBoardController.getLeaderBoard()
2025-04-19 02:10:52 [http-nio-8080-exec-3] INFO  allLogs - Method called: LeaderBoardService.getData()
2025-04-19 02:10:52 [http-nio-8080-exec-5] INFO  allLogs - Method called: UserRepo.findByUsername(..)
2025-04-19 02:10:52 [http-nio-8080-exec-5] INFO  allLogs - Method called: LeaderBoardController.getLeaderBoard()
2025-04-19 02:10:52 [http-nio-8080-exec-5] INFO  allLogs - Method called: LeaderBoardService.getData()
