2025-04-30 01:07:55 [http-nio-8080-exec-2] INFO  allLogs - Method called: UserController.login(..)
2025-04-30 01:07:55 [http-nio-8080-exec-2] INFO  allLogs - Method called: UserService.verify(..)
2025-04-30 01:07:55 [http-nio-8080-exec-2] INFO  allLogs - Method called: UserRepo.findByUsername(..)
2025-04-30 01:08:14 [http-nio-8080-exec-4] INFO  allLogs - Method called: UserRepo.findByUsername(..)
2025-04-30 01:08:14 [http-nio-8080-exec-4] INFO  allLogs - Method called: QuizzController.createQuizz(..)
2025-04-30 01:08:14 [http-nio-8080-exec-4] INFO  allLogs - Method called: QuizService.createQuiz(..)
2025-04-30 01:08:14 [http-nio-8080-exec-4] INFO  allLogs - Method called: QuestionDao.findRandomQuestionsbByCategory(..)
2025-04-30 01:08:15 [http-nio-8080-exec-7] INFO  allLogs - Method called: UserRepo.findByUsername(..)
2025-04-30 01:08:15 [http-nio-8080-exec-7] INFO  allLogs - Method called: QuizzController.getQuizQuestion(..)
2025-04-30 01:08:15 [http-nio-8080-exec-7] INFO  allLogs - Method called: QuizService.getQuizQuestion(..)
2025-04-30 01:08:38 [http-nio-8080-exec-10] INFO  allLogs - Method called: UserRepo.findByUsername(..)
2025-04-30 01:08:38 [http-nio-8080-exec-10] INFO  allLogs - Method called: QuizzController.createQuizz(..)
2025-04-30 01:08:38 [http-nio-8080-exec-10] INFO  allLogs - Method called: QuizService.createQuiz(..)
2025-04-30 01:08:38 [http-nio-8080-exec-10] INFO  allLogs - Method called: QuestionDao.findRandomQuestionsbByCategory(..)
2025-04-30 01:08:38 [http-nio-8080-exec-2] INFO  allLogs - Method called: UserRepo.findByUsername(..)
2025-04-30 01:08:38 [http-nio-8080-exec-2] INFO  allLogs - Method called: QuizzController.getQuizQuestion(..)
2025-04-30 01:08:38 [http-nio-8080-exec-2] INFO  allLogs - Method called: QuizService.getQuizQuestion(..)
2025-04-30 01:09:16 [http-nio-8080-exec-4] INFO  allLogs - Method called: UserRepo.findByUsername(..)
2025-04-30 01:09:16 [http-nio-8080-exec-4] INFO  allLogs - Method called: QuizzController.submitQuiz(..)
2025-04-30 01:09:16 [http-nio-8080-exec-4] INFO  allLogs - Method called: QuizService.calculateResult(..)
2025-04-30 01:09:16 [http-nio-8080-exec-7] INFO  allLogs - Method called: UserRepo.findByUsername(..)
2025-04-30 01:09:16 [http-nio-8080-exec-7] INFO  allLogs - Method called: LeaderBoardController.submitScore(..)
2025-04-30 01:09:16 [http-nio-8080-exec-7] INFO  allLogs - Method called: LeaderBoardService.submitScore(..)
2025-04-30 01:14:41 [http-nio-8080-exec-10] INFO  allLogs - Method called: UserRepo.findByUsername(..)
2025-04-30 01:14:41 [http-nio-8080-exec-10] INFO  allLogs - Method called: QuizzController.createQuizz(..)
2025-04-30 01:14:41 [http-nio-8080-exec-10] INFO  allLogs - Method called: QuizService.createQuiz(..)
2025-04-30 01:14:41 [http-nio-8080-exec-10] INFO  allLogs - Method called: QuestionDao.findRandomQuestionsbByCategory(..)
2025-04-30 01:14:41 [http-nio-8080-exec-2] INFO  allLogs - Method called: UserRepo.findByUsername(..)
2025-04-30 01:14:41 [http-nio-8080-exec-2] INFO  allLogs - Method called: QuizzController.getQuizQuestion(..)
2025-04-30 01:14:41 [http-nio-8080-exec-2] INFO  allLogs - Method called: QuizService.getQuizQuestion(..)
2025-04-30 01:14:49 [http-nio-8080-exec-6] INFO  allLogs - Method called: UserRepo.findByUsername(..)
2025-04-30 01:14:49 [http-nio-8080-exec-6] INFO  allLogs - Method called: LeaderBoardController.getLeaderBoard()
2025-04-30 01:14:49 [http-nio-8080-exec-6] INFO  allLogs - Method called: LeaderBoardService.getData()
2025-04-30 01:14:49 [http-nio-8080-exec-7] INFO  allLogs - Method called: UserRepo.findByUsername(..)
2025-04-30 01:14:49 [http-nio-8080-exec-7] INFO  allLogs - Method called: LeaderBoardController.getLeaderBoard()
2025-04-30 01:14:49 [http-nio-8080-exec-7] INFO  allLogs - Method called: LeaderBoardService.getData()
2025-04-30 01:16:14 [http-nio-8080-exec-2] INFO  allLogs - Method called: UserRepo.findByUsername(..)
2025-04-30 01:16:14 [http-nio-8080-exec-2] INFO  allLogs - Method called: LeaderBoardController.getLeaderBoard()
2025-04-30 01:16:14 [http-nio-8080-exec-2] INFO  allLogs - Method called: LeaderBoardService.getData()
2025-04-30 01:16:14 [http-nio-8080-exec-3] INFO  allLogs - Method called: UserRepo.findByUsername(..)
2025-04-30 01:16:14 [http-nio-8080-exec-3] INFO  allLogs - Method called: LeaderBoardController.getLeaderBoard()
2025-04-30 01:16:14 [http-nio-8080-exec-3] INFO  allLogs - Method called: LeaderBoardService.getData()
2025-04-30 01:17:34 [http-nio-8080-exec-9] INFO  allLogs - Method called: UserRepo.findByUsername(..)
2025-04-30 01:17:34 [http-nio-8080-exec-9] INFO  allLogs - Method called: LeaderBoardController.getLeaderBoard()
2025-04-30 01:17:34 [http-nio-8080-exec-9] INFO  allLogs - Method called: LeaderBoardService.getData()
2025-04-30 01:17:34 [http-nio-8080-exec-8] INFO  allLogs - Method called: UserRepo.findByUsername(..)
2025-04-30 01:17:34 [http-nio-8080-exec-8] INFO  allLogs - Method called: LeaderBoardController.getLeaderBoard()
2025-04-30 01:17:34 [http-nio-8080-exec-8] INFO  allLogs - Method called: LeaderBoardService.getData()
2025-04-30 01:18:09 [http-nio-8080-exec-1] INFO  allLogs - Method called: UserRepo.findByUsername(..)
2025-04-30 01:18:09 [http-nio-8080-exec-1] INFO  allLogs - Method called: QuizzController.createQuizz(..)
2025-04-30 01:18:09 [http-nio-8080-exec-1] INFO  allLogs - Method called: QuizService.createQuiz(..)
2025-04-30 01:18:09 [http-nio-8080-exec-1] INFO  allLogs - Method called: QuestionDao.findRandomQuestionsbByCategory(..)
2025-04-30 01:18:18 [http-nio-8080-exec-3] INFO  allLogs - Method called: UserRepo.findByUsername(..)
2025-04-30 01:18:18 [http-nio-8080-exec-3] INFO  allLogs - Method called: QuizzController.getQuizQuestion(..)
2025-04-30 01:18:18 [http-nio-8080-exec-3] INFO  allLogs - Method called: QuizService.getQuizQuestion(..)
2025-04-30 01:23:53 [http-nio-8080-exec-9] INFO  allLogs - Method called: UserRepo.findByUsername(..)
2025-04-30 01:23:53 [http-nio-8080-exec-9] INFO  allLogs - Method called: LeaderBoardController.getLeaderBoard()
2025-04-30 01:23:53 [http-nio-8080-exec-9] INFO  allLogs - Method called: LeaderBoardService.getData()
2025-04-30 01:23:53 [http-nio-8080-exec-8] INFO  allLogs - Method called: UserRepo.findByUsername(..)
2025-04-30 01:23:53 [http-nio-8080-exec-8] INFO  allLogs - Method called: LeaderBoardController.getLeaderBoard()
2025-04-30 01:23:53 [http-nio-8080-exec-8] INFO  allLogs - Method called: LeaderBoardService.getData()
2025-04-30 01:26:53 [http-nio-8080-exec-5] INFO  allLogs - Method called: UserRepo.findByUsername(..)
2025-04-30 01:26:53 [http-nio-8080-exec-5] INFO  allLogs - Method called: LeaderBoardController.getLeaderBoard()
2025-04-30 01:26:53 [http-nio-8080-exec-5] INFO  allLogs - Method called: LeaderBoardService.getData()
2025-04-30 01:26:53 [http-nio-8080-exec-4] INFO  allLogs - Method called: UserRepo.findByUsername(..)
2025-04-30 01:26:53 [http-nio-8080-exec-4] INFO  allLogs - Method called: LeaderBoardController.getLeaderBoard()
2025-04-30 01:26:53 [http-nio-8080-exec-4] INFO  allLogs - Method called: LeaderBoardService.getData()
2025-04-30 01:26:55 [http-nio-8080-exec-7] INFO  allLogs - Method called: UserRepo.findByUsername(..)
2025-04-30 01:26:55 [http-nio-8080-exec-7] INFO  allLogs - Method called: LeaderBoardController.getLeaderBoard()
2025-04-30 01:26:55 [http-nio-8080-exec-7] INFO  allLogs - Method called: LeaderBoardService.getData()
2025-04-30 01:26:55 [http-nio-8080-exec-6] INFO  allLogs - Method called: UserRepo.findByUsername(..)
2025-04-30 01:26:55 [http-nio-8080-exec-6] INFO  allLogs - Method called: LeaderBoardController.getLeaderBoard()
2025-04-30 01:26:55 [http-nio-8080-exec-6] INFO  allLogs - Method called: LeaderBoardService.getData()
2025-04-30 01:37:04 [http-nio-8080-exec-1] INFO  allLogs - Method called: UserRepo.findByUsername(..)
2025-04-30 01:37:04 [http-nio-8080-exec-1] INFO  allLogs - Method called: QuizzController.createQuizz(..)
2025-04-30 01:37:04 [http-nio-8080-exec-1] INFO  allLogs - Method called: QuizService.createQuiz(..)
2025-04-30 01:37:04 [http-nio-8080-exec-1] INFO  allLogs - Method called: QuestionDao.findRandomQuestionsbByCategory(..)
2025-04-30 01:37:04 [http-nio-8080-exec-3] INFO  allLogs - Method called: UserRepo.findByUsername(..)
2025-04-30 01:37:04 [http-nio-8080-exec-3] INFO  allLogs - Method called: QuizzController.getQuizQuestion(..)
2025-04-30 01:37:04 [http-nio-8080-exec-3] INFO  allLogs - Method called: QuizService.getQuizQuestion(..)
2025-04-30 01:38:44 [http-nio-8080-exec-6] INFO  allLogs - Method called: UserRepo.findByUsername(..)
2025-04-30 01:38:44 [http-nio-8080-exec-6] INFO  allLogs - Method called: LeaderBoardController.getLeaderBoard()
2025-04-30 01:38:44 [http-nio-8080-exec-6] INFO  allLogs - Method called: LeaderBoardService.getData()
2025-04-30 01:38:44 [http-nio-8080-exec-8] INFO  allLogs - Method called: UserRepo.findByUsername(..)
2025-04-30 01:38:44 [http-nio-8080-exec-8] INFO  allLogs - Method called: LeaderBoardController.getLeaderBoard()
2025-04-30 01:38:44 [http-nio-8080-exec-8] INFO  allLogs - Method called: LeaderBoardService.getData()
2025-04-30 01:42:10 [http-nio-8080-exec-3] INFO  allLogs - Method called: UserRepo.findByUsername(..)
2025-04-30 01:42:10 [http-nio-8080-exec-3] INFO  allLogs - Method called: LeaderBoardController.getLeaderBoard()
2025-04-30 01:42:10 [http-nio-8080-exec-3] INFO  allLogs - Method called: LeaderBoardService.getData()
2025-04-30 01:42:10 [http-nio-8080-exec-5] INFO  allLogs - Method called: UserRepo.findByUsername(..)
2025-04-30 01:42:10 [http-nio-8080-exec-5] INFO  allLogs - Method called: LeaderBoardController.getLeaderBoard()
2025-04-30 01:42:10 [http-nio-8080-exec-5] INFO  allLogs - Method called: LeaderBoardService.getData()
2025-04-30 01:49:45 [http-nio-8080-exec-8] INFO  allLogs - Method called: UserRepo.findByUsername(..)
2025-04-30 01:49:45 [http-nio-8080-exec-8] INFO  allLogs - Method called: QuizzController.createQuizz(..)
2025-04-30 01:49:45 [http-nio-8080-exec-8] INFO  allLogs - Method called: QuizService.createQuiz(..)
2025-04-30 01:49:45 [http-nio-8080-exec-8] INFO  allLogs - Method called: QuestionDao.findRandomQuestionsbByCategory(..)
2025-04-30 01:49:45 [http-nio-8080-exec-10] INFO  allLogs - Method called: UserRepo.findByUsername(..)
2025-04-30 01:49:45 [http-nio-8080-exec-10] INFO  allLogs - Method called: QuizzController.getQuizQuestion(..)
2025-04-30 01:49:45 [http-nio-8080-exec-10] INFO  allLogs - Method called: QuizService.getQuizQuestion(..)
2025-04-30 01:59:53 [http-nio-8080-exec-3] INFO  allLogs - Method called: UserRepo.findByUsername(..)
2025-04-30 01:59:53 [http-nio-8080-exec-3] INFO  allLogs - Method called: QuizzController.createQuizz(..)
2025-04-30 01:59:53 [http-nio-8080-exec-3] INFO  allLogs - Method called: QuizService.createQuiz(..)
2025-04-30 01:59:53 [http-nio-8080-exec-3] INFO  allLogs - Method called: QuestionDao.findRandomQuestionsbByCategory(..)
2025-04-30 01:59:53 [http-nio-8080-exec-7] INFO  allLogs - Method called: UserRepo.findByUsername(..)
2025-04-30 01:59:53 [http-nio-8080-exec-7] INFO  allLogs - Method called: QuizzController.getQuizQuestion(..)
2025-04-30 01:59:53 [http-nio-8080-exec-7] INFO  allLogs - Method called: QuizService.getQuizQuestion(..)
2025-04-30 02:01:06 [http-nio-8080-exec-8] INFO  allLogs - Method called: UserRepo.findByUsername(..)
2025-04-30 02:01:06 [http-nio-8080-exec-8] INFO  allLogs - Method called: QuizzController.createQuizz(..)
2025-04-30 02:01:06 [http-nio-8080-exec-8] INFO  allLogs - Method called: QuizService.createQuiz(..)
2025-04-30 02:01:06 [http-nio-8080-exec-8] INFO  allLogs - Method called: QuestionDao.findRandomQuestionsbByCategory(..)
2025-04-30 02:01:06 [http-nio-8080-exec-10] INFO  allLogs - Method called: UserRepo.findByUsername(..)
2025-04-30 02:01:06 [http-nio-8080-exec-10] INFO  allLogs - Method called: QuizzController.getQuizQuestion(..)
2025-04-30 02:01:06 [http-nio-8080-exec-10] INFO  allLogs - Method called: QuizService.getQuizQuestion(..)
2025-04-30 02:01:46 [http-nio-8080-exec-3] INFO  allLogs - Method called: UserRepo.findByUsername(..)
2025-04-30 02:01:46 [http-nio-8080-exec-3] INFO  allLogs - Method called: LeaderBoardController.getLeaderBoard()
2025-04-30 02:01:46 [http-nio-8080-exec-3] INFO  allLogs - Method called: LeaderBoardService.getData()
2025-04-30 02:01:46 [http-nio-8080-exec-5] INFO  allLogs - Method called: UserRepo.findByUsername(..)
2025-04-30 02:01:46 [http-nio-8080-exec-5] INFO  allLogs - Method called: LeaderBoardController.getLeaderBoard()
2025-04-30 02:01:46 [http-nio-8080-exec-5] INFO  allLogs - Method called: LeaderBoardService.getData()
2025-04-30 02:28:27 [http-nio-8080-exec-7] INFO  allLogs - Method called: UserController.login(..)
2025-04-30 02:28:27 [http-nio-8080-exec-7] INFO  allLogs - Method called: UserService.verify(..)
2025-04-30 02:28:27 [http-nio-8080-exec-7] INFO  allLogs - Method called: UserRepo.findByUsername(..)
2025-04-30 02:28:34 [http-nio-8080-exec-8] INFO  allLogs - Method called: UserRepo.findByUsername(..)
2025-04-30 02:28:34 [http-nio-8080-exec-8] INFO  allLogs - Method called: QuizzController.createQuizz(..)
2025-04-30 02:28:34 [http-nio-8080-exec-8] INFO  allLogs - Method called: QuizService.createQuiz(..)
2025-04-30 02:28:34 [http-nio-8080-exec-8] INFO  allLogs - Method called: QuestionDao.findRandomQuestionsbByCategory(..)
2025-04-30 02:28:34 [http-nio-8080-exec-10] INFO  allLogs - Method called: UserRepo.findByUsername(..)
2025-04-30 02:28:34 [http-nio-8080-exec-10] INFO  allLogs - Method called: QuizzController.getQuizQuestion(..)
2025-04-30 02:28:34 [http-nio-8080-exec-10] INFO  allLogs - Method called: QuizService.getQuizQuestion(..)
2025-04-30 02:29:23 [http-nio-8080-exec-5] INFO  allLogs - Method called: UserRepo.findByUsername(..)
2025-04-30 02:29:23 [http-nio-8080-exec-5] INFO  allLogs - Method called: QuizzController.createQuizz(..)
2025-04-30 02:29:23 [http-nio-8080-exec-5] INFO  allLogs - Method called: QuizService.createQuiz(..)
2025-04-30 02:29:23 [http-nio-8080-exec-5] INFO  allLogs - Method called: QuestionDao.findRandomQuestionsbByCategory(..)
2025-04-30 02:29:23 [http-nio-8080-exec-4] INFO  allLogs - Method called: UserRepo.findByUsername(..)
2025-04-30 02:29:23 [http-nio-8080-exec-4] INFO  allLogs - Method called: QuizzController.getQuizQuestion(..)
2025-04-30 02:29:23 [http-nio-8080-exec-4] INFO  allLogs - Method called: QuizService.getQuizQuestion(..)
2025-04-30 02:30:52 [http-nio-8080-exec-8] INFO  allLogs - Method called: UserRepo.findByUsername(..)
2025-04-30 02:30:53 [http-nio-8080-exec-8] INFO  allLogs - Method called: QuizzController.createQuizz(..)
2025-04-30 02:30:53 [http-nio-8080-exec-8] INFO  allLogs - Method called: QuizService.createQuiz(..)
2025-04-30 02:30:53 [http-nio-8080-exec-8] INFO  allLogs - Method called: QuestionDao.findRandomQuestionsbByCategory(..)
2025-04-30 02:30:53 [http-nio-8080-exec-10] INFO  allLogs - Method called: UserRepo.findByUsername(..)
2025-04-30 02:30:53 [http-nio-8080-exec-10] INFO  allLogs - Method called: QuizzController.getQuizQuestion(..)
2025-04-30 02:30:53 [http-nio-8080-exec-10] INFO  allLogs - Method called: QuizService.getQuizQuestion(..)
2025-04-30 02:35:04 [http-nio-8080-exec-5] INFO  allLogs - Method called: UserRepo.findByUsername(..)
2025-04-30 02:35:04 [http-nio-8080-exec-5] INFO  allLogs - Method called: QuizzController.createQuizz(..)
2025-04-30 02:35:04 [http-nio-8080-exec-5] INFO  allLogs - Method called: QuizService.createQuiz(..)
2025-04-30 02:35:04 [http-nio-8080-exec-5] INFO  allLogs - Method called: QuestionDao.findRandomQuestionsbByCategory(..)
2025-04-30 02:35:04 [http-nio-8080-exec-4] INFO  allLogs - Method called: UserRepo.findByUsername(..)
2025-04-30 02:35:04 [http-nio-8080-exec-4] INFO  allLogs - Method called: QuizzController.getQuizQuestion(..)
2025-04-30 02:35:04 [http-nio-8080-exec-4] INFO  allLogs - Method called: QuizService.getQuizQuestion(..)
2025-04-30 02:38:04 [http-nio-8080-exec-8] INFO  allLogs - Method called: UserRepo.findByUsername(..)
2025-04-30 02:38:04 [http-nio-8080-exec-8] INFO  allLogs - Method called: QuizzController.createQuizz(..)
2025-04-30 02:38:04 [http-nio-8080-exec-8] INFO  allLogs - Method called: QuizService.createQuiz(..)
2025-04-30 02:38:04 [http-nio-8080-exec-8] INFO  allLogs - Method called: QuestionDao.findRandomQuestionsbByCategory(..)
2025-04-30 02:38:04 [http-nio-8080-exec-10] INFO  allLogs - Method called: UserRepo.findByUsername(..)
2025-04-30 02:38:04 [http-nio-8080-exec-10] INFO  allLogs - Method called: QuizzController.getQuizQuestion(..)
2025-04-30 02:38:04 [http-nio-8080-exec-10] INFO  allLogs - Method called: QuizService.getQuizQuestion(..)
2025-04-30 02:39:09 [http-nio-8080-exec-5] INFO  allLogs - Method called: UserRepo.findByUsername(..)
2025-04-30 02:39:09 [http-nio-8080-exec-5] INFO  allLogs - Method called: QuizzController.createQuizz(..)
2025-04-30 02:39:09 [http-nio-8080-exec-5] INFO  allLogs - Method called: QuizService.createQuiz(..)
2025-04-30 02:39:09 [http-nio-8080-exec-5] INFO  allLogs - Method called: QuestionDao.findRandomQuestionsbByCategory(..)
2025-04-30 02:39:09 [http-nio-8080-exec-4] INFO  allLogs - Method called: UserRepo.findByUsername(..)
2025-04-30 02:39:09 [http-nio-8080-exec-4] INFO  allLogs - Method called: QuizzController.getQuizQuestion(..)
2025-04-30 02:39:09 [http-nio-8080-exec-4] INFO  allLogs - Method called: QuizService.getQuizQuestion(..)
2025-04-30 02:39:22 [http-nio-8080-exec-9] INFO  allLogs - Method called: UserRepo.findByUsername(..)
2025-04-30 02:39:22 [http-nio-8080-exec-9] INFO  allLogs - Method called: LeaderBoardController.getLeaderBoard()
2025-04-30 02:39:22 [http-nio-8080-exec-9] INFO  allLogs - Method called: LeaderBoardService.getData()
2025-04-30 02:39:22 [http-nio-8080-exec-10] INFO  allLogs - Method called: UserRepo.findByUsername(..)
2025-04-30 02:39:22 [http-nio-8080-exec-10] INFO  allLogs - Method called: LeaderBoardController.getLeaderBoard()
2025-04-30 02:39:22 [http-nio-8080-exec-10] INFO  allLogs - Method called: LeaderBoardService.getData()
2025-04-30 02:39:27 [http-nio-8080-exec-2] INFO  allLogs - Method called: UserRepo.findByUsername(..)
2025-04-30 02:39:27 [http-nio-8080-exec-2] INFO  allLogs - Method called: QuizzController.createQuizz(..)
2025-04-30 02:39:27 [http-nio-8080-exec-2] INFO  allLogs - Method called: QuizService.createQuiz(..)
2025-04-30 02:39:27 [http-nio-8080-exec-2] INFO  allLogs - Method called: QuestionDao.findRandomQuestionsbByCategory(..)
2025-04-30 02:39:27 [http-nio-8080-exec-3] INFO  allLogs - Method called: UserRepo.findByUsername(..)
2025-04-30 02:39:27 [http-nio-8080-exec-3] INFO  allLogs - Method called: QuizzController.getQuizQuestion(..)
2025-04-30 02:39:27 [http-nio-8080-exec-3] INFO  allLogs - Method called: QuizService.getQuizQuestion(..)
2025-04-30 02:45:15 [http-nio-8080-exec-6] INFO  allLogs - Method called: UserRepo.findByUsername(..)
2025-04-30 02:45:17 [http-nio-8080-exec-6] INFO  allLogs - Method called: QuizzController.createQuizz(..)
2025-04-30 02:45:17 [http-nio-8080-exec-6] INFO  allLogs - Method called: QuizService.createQuiz(..)
2025-04-30 02:45:17 [http-nio-8080-exec-6] INFO  allLogs - Method called: QuestionDao.findRandomQuestionsbByCategory(..)
2025-04-30 02:45:17 [http-nio-8080-exec-9] INFO  allLogs - Method called: UserRepo.findByUsername(..)
2025-04-30 02:45:17 [http-nio-8080-exec-9] INFO  allLogs - Method called: QuizzController.getQuizQuestion(..)
2025-04-30 02:45:17 [http-nio-8080-exec-9] INFO  allLogs - Method called: QuizService.getQuizQuestion(..)
2025-04-30 02:46:03 [http-nio-8080-exec-2] INFO  allLogs - Method called: UserController.login(..)
2025-04-30 02:46:03 [http-nio-8080-exec-2] INFO  allLogs - Method called: UserService.verify(..)
2025-04-30 02:46:03 [http-nio-8080-exec-2] INFO  allLogs - Method called: UserRepo.findByUsername(..)
2025-04-30 02:46:13 [http-nio-8080-exec-3] INFO  allLogs - Method called: UserRepo.findByUsername(..)
2025-04-30 02:46:13 [http-nio-8080-exec-3] INFO  allLogs - Method called: QuizzController.createQuizz(..)
2025-04-30 02:46:13 [http-nio-8080-exec-3] INFO  allLogs - Method called: QuizService.createQuiz(..)
2025-04-30 02:46:13 [http-nio-8080-exec-3] INFO  allLogs - Method called: QuestionDao.findRandomQuestionsbByCategory(..)
2025-04-30 02:46:13 [http-nio-8080-exec-4] INFO  allLogs - Method called: UserRepo.findByUsername(..)
2025-04-30 02:46:13 [http-nio-8080-exec-4] INFO  allLogs - Method called: QuizzController.getQuizQuestion(..)
2025-04-30 02:46:13 [http-nio-8080-exec-4] INFO  allLogs - Method called: QuizService.getQuizQuestion(..)
2025-04-30 02:47:13 [http-nio-8080-exec-10] INFO  allLogs - Method called: UserRepo.findByUsername(..)
2025-04-30 02:47:13 [http-nio-8080-exec-10] INFO  allLogs - Method called: LeaderBoardController.getLeaderBoard()
2025-04-30 02:47:13 [http-nio-8080-exec-10] INFO  allLogs - Method called: LeaderBoardService.getData()
2025-04-30 02:47:13 [http-nio-8080-exec-1] INFO  allLogs - Method called: UserRepo.findByUsername(..)
2025-04-30 02:47:13 [http-nio-8080-exec-1] INFO  allLogs - Method called: LeaderBoardController.getLeaderBoard()
2025-04-30 02:47:13 [http-nio-8080-exec-1] INFO  allLogs - Method called: LeaderBoardService.getData()
2025-04-30 02:47:18 [http-nio-8080-exec-3] INFO  allLogs - Method called: UserRepo.findByUsername(..)
2025-04-30 02:47:18 [http-nio-8080-exec-3] INFO  allLogs - Method called: LeaderBoardController.getLeaderBoard()
2025-04-30 02:47:18 [http-nio-8080-exec-3] INFO  allLogs - Method called: LeaderBoardService.getData()
2025-04-30 02:47:18 [http-nio-8080-exec-7] INFO  allLogs - Method called: UserRepo.findByUsername(..)
2025-04-30 02:47:18 [http-nio-8080-exec-7] INFO  allLogs - Method called: LeaderBoardController.getLeaderBoard()
2025-04-30 02:47:18 [http-nio-8080-exec-7] INFO  allLogs - Method called: LeaderBoardService.getData()
2025-04-30 02:47:24 [http-nio-8080-exec-9] INFO  allLogs - Method called: UserRepo.findByUsername(..)
2025-04-30 02:47:24 [http-nio-8080-exec-9] INFO  allLogs - Method called: QuizzController.createQuizz(..)
2025-04-30 02:47:24 [http-nio-8080-exec-9] INFO  allLogs - Method called: QuizService.createQuiz(..)
2025-04-30 02:47:24 [http-nio-8080-exec-9] INFO  allLogs - Method called: QuestionDao.findRandomQuestionsbByCategory(..)
2025-04-30 02:47:25 [http-nio-8080-exec-1] INFO  allLogs - Method called: UserRepo.findByUsername(..)
2025-04-30 02:47:25 [http-nio-8080-exec-1] INFO  allLogs - Method called: QuizzController.getQuizQuestion(..)
2025-04-30 02:47:25 [http-nio-8080-exec-1] INFO  allLogs - Method called: QuizService.getQuizQuestion(..)
2025-04-30 02:50:36 [http-nio-8080-exec-3] INFO  allLogs - Method called: UserRepo.findByUsername(..)
2025-04-30 02:50:36 [http-nio-8080-exec-3] INFO  allLogs - Method called: QuizzController.createQuizz(..)
2025-04-30 02:50:36 [http-nio-8080-exec-3] INFO  allLogs - Method called: QuizService.createQuiz(..)
2025-04-30 02:50:36 [http-nio-8080-exec-3] INFO  allLogs - Method called: QuestionDao.findRandomQuestionsbByCategory(..)
2025-04-30 02:50:36 [http-nio-8080-exec-6] INFO  allLogs - Method called: UserRepo.findByUsername(..)
2025-04-30 02:50:36 [http-nio-8080-exec-6] INFO  allLogs - Method called: QuizzController.getQuizQuestion(..)
2025-04-30 02:50:36 [http-nio-8080-exec-6] INFO  allLogs - Method called: QuizService.getQuizQuestion(..)
2025-04-30 02:52:30 [http-nio-8080-exec-10] INFO  allLogs - Method called: UserRepo.findByUsername(..)
2025-04-30 02:52:30 [http-nio-8080-exec-10] INFO  allLogs - Method called: LeaderBoardController.getLeaderBoard()
2025-04-30 02:52:30 [http-nio-8080-exec-10] INFO  allLogs - Method called: LeaderBoardService.getData()
2025-04-30 02:52:30 [http-nio-8080-exec-1] INFO  allLogs - Method called: UserRepo.findByUsername(..)
2025-04-30 02:52:30 [http-nio-8080-exec-1] INFO  allLogs - Method called: LeaderBoardController.getLeaderBoard()
2025-04-30 02:52:30 [http-nio-8080-exec-1] INFO  allLogs - Method called: LeaderBoardService.getData()
2025-04-30 02:52:34 [http-nio-8080-exec-5] INFO  allLogs - Method called: UserRepo.findByUsername(..)
2025-04-30 02:52:34 [http-nio-8080-exec-5] INFO  allLogs - Method called: QuizzController.createQuizz(..)
2025-04-30 02:52:34 [http-nio-8080-exec-5] INFO  allLogs - Method called: QuizService.createQuiz(..)
2025-04-30 02:52:34 [http-nio-8080-exec-5] INFO  allLogs - Method called: QuestionDao.findRandomQuestionsbByCategory(..)
2025-04-30 02:52:34 [http-nio-8080-exec-7] INFO  allLogs - Method called: UserRepo.findByUsername(..)
2025-04-30 02:52:34 [http-nio-8080-exec-7] INFO  allLogs - Method called: QuizzController.getQuizQuestion(..)
2025-04-30 02:52:34 [http-nio-8080-exec-7] INFO  allLogs - Method called: QuizService.getQuizQuestion(..)
2025-04-30 02:59:27 [http-nio-8080-exec-9] INFO  allLogs - Method called: UserRepo.findByUsername(..)
2025-04-30 02:59:27 [http-nio-8080-exec-9] INFO  allLogs - Method called: QuizzController.createQuizz(..)
2025-04-30 02:59:27 [http-nio-8080-exec-9] INFO  allLogs - Method called: QuizService.createQuiz(..)
2025-04-30 02:59:27 [http-nio-8080-exec-9] INFO  allLogs - Method called: QuestionDao.findRandomQuestionsbByCategory(..)
2025-04-30 02:59:27 [http-nio-8080-exec-1] INFO  allLogs - Method called: UserRepo.findByUsername(..)
2025-04-30 02:59:27 [http-nio-8080-exec-1] INFO  allLogs - Method called: QuizzController.getQuizQuestion(..)
2025-04-30 02:59:27 [http-nio-8080-exec-1] INFO  allLogs - Method called: QuizService.getQuizQuestion(..)
2025-04-30 03:04:14 [http-nio-8080-exec-7] INFO  allLogs - Method called: UserRepo.findByUsername(..)
2025-04-30 03:04:14 [http-nio-8080-exec-7] INFO  allLogs - Method called: LeaderBoardController.getLeaderBoard()
2025-04-30 03:04:14 [http-nio-8080-exec-7] INFO  allLogs - Method called: LeaderBoardService.getData()
2025-04-30 03:04:14 [http-nio-8080-exec-6] INFO  allLogs - Method called: UserRepo.findByUsername(..)
2025-04-30 03:04:14 [http-nio-8080-exec-6] INFO  allLogs - Method called: LeaderBoardController.getLeaderBoard()
2025-04-30 03:04:14 [http-nio-8080-exec-6] INFO  allLogs - Method called: LeaderBoardService.getData()
2025-04-30 03:04:19 [http-nio-8080-exec-10] INFO  allLogs - Method called: UserRepo.findByUsername(..)
2025-04-30 03:04:19 [http-nio-8080-exec-10] INFO  allLogs - Method called: QuizzController.createQuizz(..)
2025-04-30 03:04:19 [http-nio-8080-exec-10] INFO  allLogs - Method called: QuizService.createQuiz(..)
2025-04-30 03:04:19 [http-nio-8080-exec-10] INFO  allLogs - Method called: QuestionDao.findRandomQuestionsbByCategory(..)
2025-04-30 03:04:19 [http-nio-8080-exec-2] INFO  allLogs - Method called: UserRepo.findByUsername(..)
2025-04-30 03:04:19 [http-nio-8080-exec-2] INFO  allLogs - Method called: QuizzController.getQuizQuestion(..)
2025-04-30 03:04:19 [http-nio-8080-exec-2] INFO  allLogs - Method called: QuizService.getQuizQuestion(..)
2025-04-30 03:08:15 [http-nio-8080-exec-7] INFO  allLogs - Method called: UserRepo.findByUsername(..)
2025-04-30 03:08:15 [http-nio-8080-exec-7] INFO  allLogs - Method called: QuizzController.createQuizz(..)
2025-04-30 03:08:15 [http-nio-8080-exec-7] INFO  allLogs - Method called: QuizService.createQuiz(..)
2025-04-30 03:08:15 [http-nio-8080-exec-7] INFO  allLogs - Method called: QuestionDao.findRandomQuestionsbByCategory(..)
2025-04-30 03:08:15 [http-nio-8080-exec-8] INFO  allLogs - Method called: UserRepo.findByUsername(..)
2025-04-30 03:08:15 [http-nio-8080-exec-8] INFO  allLogs - Method called: QuizzController.getQuizQuestion(..)
2025-04-30 03:08:15 [http-nio-8080-exec-8] INFO  allLogs - Method called: QuizService.getQuizQuestion(..)
2025-04-30 03:08:47 [http-nio-8080-exec-10] INFO  allLogs - Method called: UserRepo.findByUsername(..)
2025-04-30 03:08:47 [http-nio-8080-exec-10] INFO  allLogs - Method called: QuizzController.submitQuiz(..)
2025-04-30 03:08:47 [http-nio-8080-exec-10] INFO  allLogs - Method called: QuizService.calculateResult(..)
2025-04-30 03:08:47 [http-nio-8080-exec-2] INFO  allLogs - Method called: UserRepo.findByUsername(..)
2025-04-30 03:08:47 [http-nio-8080-exec-2] INFO  allLogs - Method called: LeaderBoardController.submitScore(..)
2025-04-30 03:08:47 [http-nio-8080-exec-2] INFO  allLogs - Method called: LeaderBoardService.submitScore(..)
2025-04-30 03:09:10 [http-nio-8080-exec-3] INFO  allLogs - Method called: UserRepo.findByUsername(..)
2025-04-30 03:09:10 [http-nio-8080-exec-3] INFO  allLogs - Method called: QuizzController.createQuizz(..)
2025-04-30 03:09:10 [http-nio-8080-exec-3] INFO  allLogs - Method called: QuizService.createQuiz(..)
2025-04-30 03:09:10 [http-nio-8080-exec-3] INFO  allLogs - Method called: QuestionDao.findRandomQuestionsbByCategory(..)
2025-04-30 03:09:10 [http-nio-8080-exec-6] INFO  allLogs - Method called: UserRepo.findByUsername(..)
2025-04-30 03:09:10 [http-nio-8080-exec-6] INFO  allLogs - Method called: QuizzController.getQuizQuestion(..)
2025-04-30 03:09:10 [http-nio-8080-exec-6] INFO  allLogs - Method called: QuizService.getQuizQuestion(..)
2025-04-30 03:10:16 [http-nio-8080-exec-9] INFO  allLogs - Method called: UserRepo.findByUsername(..)
2025-04-30 03:10:16 [http-nio-8080-exec-9] INFO  allLogs - Method called: QuizzController.createQuizz(..)
2025-04-30 03:10:16 [http-nio-8080-exec-9] INFO  allLogs - Method called: QuizService.createQuiz(..)
2025-04-30 03:10:16 [http-nio-8080-exec-9] INFO  allLogs - Method called: QuestionDao.findRandomQuestionsbByCategory(..)
2025-04-30 03:10:16 [http-nio-8080-exec-1] INFO  allLogs - Method called: UserRepo.findByUsername(..)
2025-04-30 03:10:16 [http-nio-8080-exec-1] INFO  allLogs - Method called: QuizzController.getQuizQuestion(..)
2025-04-30 03:10:16 [http-nio-8080-exec-1] INFO  allLogs - Method called: QuizService.getQuizQuestion(..)
2025-04-30 03:10:42 [http-nio-8080-exec-7] INFO  allLogs - Method called: UserRepo.findByUsername(..)
2025-04-30 03:10:42 [http-nio-8080-exec-7] INFO  allLogs - Method called: LeaderBoardController.getLeaderBoard()
2025-04-30 03:10:42 [http-nio-8080-exec-7] INFO  allLogs - Method called: LeaderBoardService.getData()
2025-04-30 03:10:42 [http-nio-8080-exec-6] INFO  allLogs - Method called: UserRepo.findByUsername(..)
2025-04-30 03:10:42 [http-nio-8080-exec-6] INFO  allLogs - Method called: LeaderBoardController.getLeaderBoard()
2025-04-30 03:10:42 [http-nio-8080-exec-6] INFO  allLogs - Method called: LeaderBoardService.getData()
2025-04-30 03:10:45 [http-nio-8080-exec-4] INFO  allLogs - Method called: UserRepo.findByUsername(..)
2025-04-30 03:10:45 [http-nio-8080-exec-4] INFO  allLogs - Method called: QuizzController.createQuizz(..)
2025-04-30 03:10:45 [http-nio-8080-exec-4] INFO  allLogs - Method called: QuizService.createQuiz(..)
2025-04-30 03:10:45 [http-nio-8080-exec-4] INFO  allLogs - Method called: QuestionDao.findRandomQuestionsbByCategory(..)
2025-04-30 03:10:45 [http-nio-8080-exec-10] INFO  allLogs - Method called: UserRepo.findByUsername(..)
2025-04-30 03:10:45 [http-nio-8080-exec-10] INFO  allLogs - Method called: QuizzController.getQuizQuestion(..)
2025-04-30 03:10:45 [http-nio-8080-exec-10] INFO  allLogs - Method called: QuizService.getQuizQuestion(..)
2025-04-30 03:13:10 [http-nio-8080-exec-3] INFO  allLogs - Method called: UserRepo.findByUsername(..)
2025-04-30 03:13:10 [http-nio-8080-exec-3] INFO  allLogs - Method called: QuizzController.createQuizz(..)
2025-04-30 03:13:10 [http-nio-8080-exec-3] INFO  allLogs - Method called: QuizService.createQuiz(..)
2025-04-30 03:13:10 [http-nio-8080-exec-3] INFO  allLogs - Method called: QuestionDao.findRandomQuestionsbByCategory(..)
2025-04-30 03:13:10 [http-nio-8080-exec-6] INFO  allLogs - Method called: UserRepo.findByUsername(..)
2025-04-30 03:13:10 [http-nio-8080-exec-6] INFO  allLogs - Method called: QuizzController.getQuizQuestion(..)
2025-04-30 03:13:10 [http-nio-8080-exec-6] INFO  allLogs - Method called: QuizService.getQuizQuestion(..)
2025-04-30 03:22:06 [http-nio-8080-exec-10] INFO  allLogs - Method called: UserRepo.findByUsername(..)
2025-04-30 03:22:06 [http-nio-8080-exec-10] INFO  allLogs - Method called: LeaderBoardController.getLeaderBoard()
2025-04-30 03:22:06 [http-nio-8080-exec-10] INFO  allLogs - Method called: LeaderBoardService.getData()
2025-04-30 03:22:06 [http-nio-8080-exec-1] INFO  allLogs - Method called: UserRepo.findByUsername(..)
2025-04-30 03:22:06 [http-nio-8080-exec-1] INFO  allLogs - Method called: LeaderBoardController.getLeaderBoard()
2025-04-30 03:22:06 [http-nio-8080-exec-1] INFO  allLogs - Method called: LeaderBoardService.getData()
2025-04-30 03:22:10 [http-nio-8080-exec-7] INFO  allLogs - Method called: UserRepo.findByUsername(..)
2025-04-30 03:22:10 [http-nio-8080-exec-7] INFO  allLogs - Method called: QuizzController.createQuizz(..)
2025-04-30 03:22:10 [http-nio-8080-exec-7] INFO  allLogs - Method called: QuizService.createQuiz(..)
2025-04-30 03:22:10 [http-nio-8080-exec-7] INFO  allLogs - Method called: QuestionDao.findRandomQuestionsbByCategory(..)
2025-04-30 03:22:10 [http-nio-8080-exec-8] INFO  allLogs - Method called: UserRepo.findByUsername(..)
2025-04-30 03:22:10 [http-nio-8080-exec-8] INFO  allLogs - Method called: QuizzController.getQuizQuestion(..)
2025-04-30 03:22:10 [http-nio-8080-exec-8] INFO  allLogs - Method called: QuizService.getQuizQuestion(..)
2025-04-30 03:22:45 [http-nio-8080-exec-9] INFO  allLogs - Method called: UserRepo.findByUsername(..)
2025-04-30 03:22:45 [http-nio-8080-exec-9] INFO  allLogs - Method called: QuizzController.createQuizz(..)
2025-04-30 03:22:45 [http-nio-8080-exec-9] INFO  allLogs - Method called: QuizService.createQuiz(..)
2025-04-30 03:22:45 [http-nio-8080-exec-9] INFO  allLogs - Method called: QuestionDao.findRandomQuestionsbByCategory(..)
2025-04-30 03:22:45 [http-nio-8080-exec-1] INFO  allLogs - Method called: UserRepo.findByUsername(..)
2025-04-30 03:22:45 [http-nio-8080-exec-1] INFO  allLogs - Method called: QuizzController.getQuizQuestion(..)
2025-04-30 03:22:45 [http-nio-8080-exec-1] INFO  allLogs - Method called: QuizService.getQuizQuestion(..)
