2025-04-30 01:07:56 [http-nio-8080-exec-2] INFO  performance - String com.adarsh.RealQuizzApp.service.UserService.verify(Users) executed in 1346ms
2025-04-30 01:08:15 [http-nio-8080-exec-4] INFO  performance - ResponseEntity com.adarsh.RealQuizzApp.service.QuizService.createQuiz(String,int,String) executed in 180ms
2025-04-30 01:08:15 [http-nio-8080-exec-7] INFO  performance - ResponseEntity com.adarsh.RealQuizzApp.service.QuizService.getQuizQuestion(int) executed in 18ms
2025-04-30 01:08:38 [http-nio-8080-exec-10] INFO  performance - ResponseEntity com.adarsh.RealQuizzApp.service.QuizService.createQuiz(String,int,String) executed in 11ms
2025-04-30 01:08:38 [http-nio-8080-exec-2] INFO  performance - ResponseEntity com.adarsh.RealQuizzApp.service.QuizService.getQuizQuestion(int) executed in 0ms
2025-04-30 01:09:16 [http-nio-8080-exec-4] INFO  performance - ResponseEntity com.adarsh.RealQuizzApp.service.QuizService.calculateResult(Integer,List) executed in 17ms
2025-04-30 01:09:16 [http-nio-8080-exec-7] INFO  performance - ResponseEntity com.adarsh.RealQuizzApp.service.LeaderBoardService.submitScore(LeaderBoard) executed in 0ms
2025-04-30 01:14:41 [http-nio-8080-exec-10] INFO  performance - ResponseEntity com.adarsh.RealQuizzApp.service.QuizService.createQuiz(String,int,String) executed in 21ms
2025-04-30 01:14:41 [http-nio-8080-exec-2] INFO  performance - ResponseEntity com.adarsh.RealQuizzApp.service.QuizService.getQuizQuestion(int) executed in 13ms
2025-04-30 01:14:49 [http-nio-8080-exec-6] INFO  performance - ResponseEntity com.adarsh.RealQuizzApp.service.LeaderBoardService.getData() executed in 58ms
2025-04-30 01:14:49 [http-nio-8080-exec-7] INFO  performance - ResponseEntity com.adarsh.RealQuizzApp.service.LeaderBoardService.getData() executed in 8ms
2025-04-30 01:16:14 [http-nio-8080-exec-2] INFO  performance - ResponseEntity com.adarsh.RealQuizzApp.service.LeaderBoardService.getData() executed in 27ms
2025-04-30 01:16:14 [http-nio-8080-exec-3] INFO  performance - ResponseEntity com.adarsh.RealQuizzApp.service.LeaderBoardService.getData() executed in 14ms
2025-04-30 01:17:34 [http-nio-8080-exec-9] INFO  performance - ResponseEntity com.adarsh.RealQuizzApp.service.LeaderBoardService.getData() executed in 0ms
2025-04-30 01:17:34 [http-nio-8080-exec-8] INFO  performance - ResponseEntity com.adarsh.RealQuizzApp.service.LeaderBoardService.getData() executed in 7ms
2025-04-30 01:18:09 [http-nio-8080-exec-1] INFO  performance - ResponseEntity com.adarsh.RealQuizzApp.service.QuizService.createQuiz(String,int,String) executed in 17ms
2025-04-30 01:18:18 [http-nio-8080-exec-3] INFO  performance - ResponseEntity com.adarsh.RealQuizzApp.service.QuizService.getQuizQuestion(int) executed in 14ms
2025-04-30 01:23:53 [http-nio-8080-exec-9] INFO  performance - ResponseEntity com.adarsh.RealQuizzApp.service.LeaderBoardService.getData() executed in 4ms
2025-04-30 01:23:53 [http-nio-8080-exec-8] INFO  performance - ResponseEntity com.adarsh.RealQuizzApp.service.LeaderBoardService.getData() executed in 6ms
2025-04-30 01:26:53 [http-nio-8080-exec-5] INFO  performance - ResponseEntity com.adarsh.RealQuizzApp.service.LeaderBoardService.getData() executed in 4ms
2025-04-30 01:26:53 [http-nio-8080-exec-4] INFO  performance - ResponseEntity com.adarsh.RealQuizzApp.service.LeaderBoardService.getData() executed in 14ms
2025-04-30 01:26:55 [http-nio-8080-exec-7] INFO  performance - ResponseEntity com.adarsh.RealQuizzApp.service.LeaderBoardService.getData() executed in 15ms
2025-04-30 01:26:55 [http-nio-8080-exec-6] INFO  performance - ResponseEntity com.adarsh.RealQuizzApp.service.LeaderBoardService.getData() executed in 9ms
2025-04-30 01:37:04 [http-nio-8080-exec-1] INFO  performance - ResponseEntity com.adarsh.RealQuizzApp.service.QuizService.createQuiz(String,int,String) executed in 42ms
2025-04-30 01:37:04 [http-nio-8080-exec-3] INFO  performance - ResponseEntity com.adarsh.RealQuizzApp.service.QuizService.getQuizQuestion(int) executed in 8ms
2025-04-30 01:38:44 [http-nio-8080-exec-6] INFO  performance - ResponseEntity com.adarsh.RealQuizzApp.service.LeaderBoardService.getData() executed in 2ms
2025-04-30 01:38:44 [http-nio-8080-exec-8] INFO  performance - ResponseEntity com.adarsh.RealQuizzApp.service.LeaderBoardService.getData() executed in 4ms
2025-04-30 01:42:10 [http-nio-8080-exec-3] INFO  performance - ResponseEntity com.adarsh.RealQuizzApp.service.LeaderBoardService.getData() executed in 0ms
2025-04-30 01:42:10 [http-nio-8080-exec-5] INFO  performance - ResponseEntity com.adarsh.RealQuizzApp.service.LeaderBoardService.getData() executed in 12ms
2025-04-30 01:49:45 [http-nio-8080-exec-8] INFO  performance - ResponseEntity com.adarsh.RealQuizzApp.service.QuizService.createQuiz(String,int,String) executed in 122ms
2025-04-30 01:49:45 [http-nio-8080-exec-10] INFO  performance - ResponseEntity com.adarsh.RealQuizzApp.service.QuizService.getQuizQuestion(int) executed in 13ms
2025-04-30 01:59:53 [http-nio-8080-exec-3] INFO  performance - ResponseEntity com.adarsh.RealQuizzApp.service.QuizService.createQuiz(String,int,String) executed in 24ms
2025-04-30 01:59:53 [http-nio-8080-exec-7] INFO  performance - ResponseEntity com.adarsh.RealQuizzApp.service.QuizService.getQuizQuestion(int) executed in 13ms
2025-04-30 02:01:06 [http-nio-8080-exec-8] INFO  performance - ResponseEntity com.adarsh.RealQuizzApp.service.QuizService.createQuiz(String,int,String) executed in 14ms
2025-04-30 02:01:06 [http-nio-8080-exec-10] INFO  performance - ResponseEntity com.adarsh.RealQuizzApp.service.QuizService.getQuizQuestion(int) executed in 0ms
2025-04-30 02:01:46 [http-nio-8080-exec-3] INFO  performance - ResponseEntity com.adarsh.RealQuizzApp.service.LeaderBoardService.getData() executed in 7ms
2025-04-30 02:01:46 [http-nio-8080-exec-5] INFO  performance - ResponseEntity com.adarsh.RealQuizzApp.service.LeaderBoardService.getData() executed in 0ms
2025-04-30 02:28:27 [http-nio-8080-exec-7] INFO  performance - String com.adarsh.RealQuizzApp.service.UserService.verify(Users) executed in 334ms
2025-04-30 02:28:34 [http-nio-8080-exec-8] INFO  performance - ResponseEntity com.adarsh.RealQuizzApp.service.QuizService.createQuiz(String,int,String) executed in 36ms
2025-04-30 02:28:34 [http-nio-8080-exec-10] INFO  performance - ResponseEntity com.adarsh.RealQuizzApp.service.QuizService.getQuizQuestion(int) executed in 15ms
2025-04-30 02:29:23 [http-nio-8080-exec-5] INFO  performance - ResponseEntity com.adarsh.RealQuizzApp.service.QuizService.createQuiz(String,int,String) executed in 5ms
2025-04-30 02:29:23 [http-nio-8080-exec-4] INFO  performance - ResponseEntity com.adarsh.RealQuizzApp.service.QuizService.getQuizQuestion(int) executed in 0ms
2025-04-30 02:30:53 [http-nio-8080-exec-8] INFO  performance - ResponseEntity com.adarsh.RealQuizzApp.service.QuizService.createQuiz(String,int,String) executed in 22ms
2025-04-30 02:30:53 [http-nio-8080-exec-10] INFO  performance - ResponseEntity com.adarsh.RealQuizzApp.service.QuizService.getQuizQuestion(int) executed in 12ms
2025-04-30 02:35:04 [http-nio-8080-exec-5] INFO  performance - ResponseEntity com.adarsh.RealQuizzApp.service.QuizService.createQuiz(String,int,String) executed in 9ms
2025-04-30 02:35:04 [http-nio-8080-exec-4] INFO  performance - ResponseEntity com.adarsh.RealQuizzApp.service.QuizService.getQuizQuestion(int) executed in 6ms
2025-04-30 02:38:04 [http-nio-8080-exec-8] INFO  performance - ResponseEntity com.adarsh.RealQuizzApp.service.QuizService.createQuiz(String,int,String) executed in 20ms
2025-04-30 02:38:04 [http-nio-8080-exec-10] INFO  performance - ResponseEntity com.adarsh.RealQuizzApp.service.QuizService.getQuizQuestion(int) executed in 18ms
2025-04-30 02:39:09 [http-nio-8080-exec-5] INFO  performance - ResponseEntity com.adarsh.RealQuizzApp.service.QuizService.createQuiz(String,int,String) executed in 14ms
2025-04-30 02:39:09 [http-nio-8080-exec-4] INFO  performance - ResponseEntity com.adarsh.RealQuizzApp.service.QuizService.getQuizQuestion(int) executed in 10ms
2025-04-30 02:39:22 [http-nio-8080-exec-9] INFO  performance - ResponseEntity com.adarsh.RealQuizzApp.service.LeaderBoardService.getData() executed in 2ms
2025-04-30 02:39:22 [http-nio-8080-exec-10] INFO  performance - ResponseEntity com.adarsh.RealQuizzApp.service.LeaderBoardService.getData() executed in 1ms
2025-04-30 02:39:27 [http-nio-8080-exec-2] INFO  performance - ResponseEntity com.adarsh.RealQuizzApp.service.QuizService.createQuiz(String,int,String) executed in 16ms
2025-04-30 02:39:27 [http-nio-8080-exec-3] INFO  performance - ResponseEntity com.adarsh.RealQuizzApp.service.QuizService.getQuizQuestion(int) executed in 0ms
2025-04-30 02:45:17 [http-nio-8080-exec-6] INFO  performance - ResponseEntity com.adarsh.RealQuizzApp.service.QuizService.createQuiz(String,int,String) executed in 495ms
2025-04-30 02:45:17 [http-nio-8080-exec-9] INFO  performance - ResponseEntity com.adarsh.RealQuizzApp.service.QuizService.getQuizQuestion(int) executed in 240ms
2025-04-30 02:46:04 [http-nio-8080-exec-2] INFO  performance - String com.adarsh.RealQuizzApp.service.UserService.verify(Users) executed in 1115ms
2025-04-30 02:46:13 [http-nio-8080-exec-3] INFO  performance - ResponseEntity com.adarsh.RealQuizzApp.service.QuizService.createQuiz(String,int,String) executed in 235ms
2025-04-30 02:46:13 [http-nio-8080-exec-4] INFO  performance - ResponseEntity com.adarsh.RealQuizzApp.service.QuizService.getQuizQuestion(int) executed in 16ms
2025-04-30 02:47:13 [http-nio-8080-exec-10] INFO  performance - ResponseEntity com.adarsh.RealQuizzApp.service.LeaderBoardService.getData() executed in 51ms
2025-04-30 02:47:14 [http-nio-8080-exec-1] INFO  performance - ResponseEntity com.adarsh.RealQuizzApp.service.LeaderBoardService.getData() executed in 40ms
2025-04-30 02:47:18 [http-nio-8080-exec-3] INFO  performance - ResponseEntity com.adarsh.RealQuizzApp.service.LeaderBoardService.getData() executed in 4ms
2025-04-30 02:47:18 [http-nio-8080-exec-7] INFO  performance - ResponseEntity com.adarsh.RealQuizzApp.service.LeaderBoardService.getData() executed in 2ms
2025-04-30 02:47:24 [http-nio-8080-exec-9] INFO  performance - ResponseEntity com.adarsh.RealQuizzApp.service.QuizService.createQuiz(String,int,String) executed in 120ms
2025-04-30 02:47:26 [http-nio-8080-exec-1] INFO  performance - ResponseEntity com.adarsh.RealQuizzApp.service.QuizService.getQuizQuestion(int) executed in 778ms
2025-04-30 02:50:36 [http-nio-8080-exec-3] INFO  performance - ResponseEntity com.adarsh.RealQuizzApp.service.QuizService.createQuiz(String,int,String) executed in 54ms
2025-04-30 02:50:36 [http-nio-8080-exec-6] INFO  performance - ResponseEntity com.adarsh.RealQuizzApp.service.QuizService.getQuizQuestion(int) executed in 20ms
2025-04-30 02:52:30 [http-nio-8080-exec-10] INFO  performance - ResponseEntity com.adarsh.RealQuizzApp.service.LeaderBoardService.getData() executed in 8ms
2025-04-30 02:52:30 [http-nio-8080-exec-1] INFO  performance - ResponseEntity com.adarsh.RealQuizzApp.service.LeaderBoardService.getData() executed in 5ms
2025-04-30 02:52:34 [http-nio-8080-exec-5] INFO  performance - ResponseEntity com.adarsh.RealQuizzApp.service.QuizService.createQuiz(String,int,String) executed in 10ms
2025-04-30 02:52:34 [http-nio-8080-exec-7] INFO  performance - ResponseEntity com.adarsh.RealQuizzApp.service.QuizService.getQuizQuestion(int) executed in 0ms
2025-04-30 02:59:27 [http-nio-8080-exec-9] INFO  performance - ResponseEntity com.adarsh.RealQuizzApp.service.QuizService.createQuiz(String,int,String) executed in 16ms
2025-04-30 02:59:27 [http-nio-8080-exec-1] INFO  performance - ResponseEntity com.adarsh.RealQuizzApp.service.QuizService.getQuizQuestion(int) executed in 2ms
2025-04-30 03:04:14 [http-nio-8080-exec-7] INFO  performance - ResponseEntity com.adarsh.RealQuizzApp.service.LeaderBoardService.getData() executed in 30ms
2025-04-30 03:04:14 [http-nio-8080-exec-6] INFO  performance - ResponseEntity com.adarsh.RealQuizzApp.service.LeaderBoardService.getData() executed in 7ms
2025-04-30 03:04:19 [http-nio-8080-exec-10] INFO  performance - ResponseEntity com.adarsh.RealQuizzApp.service.QuizService.createQuiz(String,int,String) executed in 19ms
2025-04-30 03:04:19 [http-nio-8080-exec-2] INFO  performance - ResponseEntity com.adarsh.RealQuizzApp.service.QuizService.getQuizQuestion(int) executed in 21ms
2025-04-30 03:08:15 [http-nio-8080-exec-7] INFO  performance - ResponseEntity com.adarsh.RealQuizzApp.service.QuizService.createQuiz(String,int,String) executed in 21ms
2025-04-30 03:08:15 [http-nio-8080-exec-8] INFO  performance - ResponseEntity com.adarsh.RealQuizzApp.service.QuizService.getQuizQuestion(int) executed in 7ms
2025-04-30 03:08:47 [http-nio-8080-exec-10] INFO  performance - ResponseEntity com.adarsh.RealQuizzApp.service.QuizService.calculateResult(Integer,List) executed in 3ms
2025-04-30 03:08:47 [http-nio-8080-exec-2] INFO  performance - ResponseEntity com.adarsh.RealQuizzApp.service.LeaderBoardService.submitScore(LeaderBoard) executed in 5ms
2025-04-30 03:09:10 [http-nio-8080-exec-3] INFO  performance - ResponseEntity com.adarsh.RealQuizzApp.service.QuizService.createQuiz(String,int,String) executed in 8ms
2025-04-30 03:09:10 [http-nio-8080-exec-6] INFO  performance - ResponseEntity com.adarsh.RealQuizzApp.service.QuizService.getQuizQuestion(int) executed in 0ms
2025-04-30 03:10:16 [http-nio-8080-exec-9] INFO  performance - ResponseEntity com.adarsh.RealQuizzApp.service.QuizService.createQuiz(String,int,String) executed in 6ms
2025-04-30 03:10:16 [http-nio-8080-exec-1] INFO  performance - ResponseEntity com.adarsh.RealQuizzApp.service.QuizService.getQuizQuestion(int) executed in 4ms
2025-04-30 03:10:42 [http-nio-8080-exec-7] INFO  performance - ResponseEntity com.adarsh.RealQuizzApp.service.LeaderBoardService.getData() executed in 15ms
2025-04-30 03:10:42 [http-nio-8080-exec-6] INFO  performance - ResponseEntity com.adarsh.RealQuizzApp.service.LeaderBoardService.getData() executed in 18ms
2025-04-30 03:10:45 [http-nio-8080-exec-4] INFO  performance - ResponseEntity com.adarsh.RealQuizzApp.service.QuizService.createQuiz(String,int,String) executed in 49ms
2025-04-30 03:10:45 [http-nio-8080-exec-10] INFO  performance - ResponseEntity com.adarsh.RealQuizzApp.service.QuizService.getQuizQuestion(int) executed in 184ms
2025-04-30 03:13:10 [http-nio-8080-exec-3] INFO  performance - ResponseEntity com.adarsh.RealQuizzApp.service.QuizService.createQuiz(String,int,String) executed in 7ms
2025-04-30 03:13:10 [http-nio-8080-exec-6] INFO  performance - ResponseEntity com.adarsh.RealQuizzApp.service.QuizService.getQuizQuestion(int) executed in 0ms
2025-04-30 03:22:06 [http-nio-8080-exec-10] INFO  performance - ResponseEntity com.adarsh.RealQuizzApp.service.LeaderBoardService.getData() executed in 10ms
2025-04-30 03:22:06 [http-nio-8080-exec-1] INFO  performance - ResponseEntity com.adarsh.RealQuizzApp.service.LeaderBoardService.getData() executed in 4ms
2025-04-30 03:22:10 [http-nio-8080-exec-7] INFO  performance - ResponseEntity com.adarsh.RealQuizzApp.service.QuizService.createQuiz(String,int,String) executed in 18ms
2025-04-30 03:22:10 [http-nio-8080-exec-8] INFO  performance - ResponseEntity com.adarsh.RealQuizzApp.service.QuizService.getQuizQuestion(int) executed in 0ms
2025-04-30 03:22:45 [http-nio-8080-exec-9] INFO  performance - ResponseEntity com.adarsh.RealQuizzApp.service.QuizService.createQuiz(String,int,String) executed in 7ms
2025-04-30 03:22:45 [http-nio-8080-exec-1] INFO  performance - ResponseEntity com.adarsh.RealQuizzApp.service.QuizService.getQuizQuestion(int) executed in 0ms
